2014-05-25 11:09:27 Server:Workerman is starting ...
2014-05-25 11:09:31 Server:Workerman is starting ...
2014-05-25 11:09:31 Server:[1A
[KWorkerman start success ...[0m
2014-05-25 11:12:58 Server:Server is shutting down
2014-05-25 11:12:58 Server:Workerman stoped
2014-05-25 11:12:58 Server:Workerman is starting ...
2014-05-25 11:12:58 Server:[1A
[KWorkerman start success ...[0m
2014-05-25 11:13:44 Server:Server is shutting down
2014-05-25 11:13:44 Server:Workerman stoped
2014-05-25 11:13:44 Server:Workerman is starting ...
2014-05-25 11:13:44 Server:[1A
[KWorkerman start success ...[0m
2014-05-25 11:18:09 Server:Server is shutting down
2014-05-25 11:18:09 Server:Workerman stoped
2014-05-25 12:51:24 Server:Workerman is starting ...
2014-05-25 12:51:24 Server:[1A
[KWorkerman start success ...[0m
2014-05-25 13:00:44 Server:Server is shutting down
2014-05-25 13:00:44 Server:Workerman stoped
2014-05-25 13:00:44 Server:Workerman is starting ...
2014-05-25 13:00:44 Server:[1A
[KWorkerman start success ...[0m
2014-05-25 13:06:48 Server:Server is shutting down
2014-05-25 13:06:48 Server:Workerman stoped
2014-05-25 13:08:37 Server:Workerman is starting ...
2014-05-25 13:08:37 Server:[1A
[KWorkerman start success ...[0m
2014-05-25 13:17:32 Server:Server is shutting down
2014-05-25 13:17:33 Server:Workerman stoped
2014-05-25 13:17:33 Server:Workerman is starting ...
2014-05-25 13:17:33 Server:[1A
[KWorkerman start success ...[0m
2014-05-25 13:17:40 Server:Server is shutting down
2014-05-25 13:17:40 Server:Workerman stoped
2014-05-25 13:25:37 Server:Workerman is starting ...
2014-05-25 13:25:37 Server:[1A
[KWorkerman start success ...[0m
2014-05-25 13:35:00 Server:Server is shutting down
2014-05-25 13:35:00 Server:Workerman stoped
2014-05-25 13:35:00 Server:Workerman is starting ...
2014-05-25 13:35:00 Server:[1A
[KWorkerman start success ...[0m
2014-05-25 13:35:48 Server:Server is shutting down
2014-05-25 13:35:48 Server:Workerman stoped
2014-05-25 13:35:48 Server:Workerman is starting ...
2014-05-25 13:35:48 Server:[1A
[KWorkerman start success ...[0m
2014-05-25 13:38:03 Server:Server is shutting down
2014-05-25 13:38:03 Server:Workerman stoped
2014-05-25 13:38:03 Server:Workerman is starting ...
2014-05-25 13:38:03 Server:[1A
[KWorkerman start success ...[0m
2014-05-25 13:39:18 Server:Server is shutting down
2014-05-25 13:39:18 Server:Workerman stoped
2014-05-25 13:39:18 Server:Workerman is starting ...
2014-05-25 13:39:18 Server:[1A
[KWorkerman start success ...[0m
2014-05-25 13:43:12 Server:Server is shutting down
2014-05-25 13:43:13 Server:Workerman stoped
2014-05-25 13:43:13 Server:Workerman is starting ...
2014-05-25 13:43:13 Server:[1A
[KWorkerman start success ...[0m
2014-05-25 14:01:33 Server:Server is shutting down
2014-05-25 14:01:33 Server:Workerman stoped
2014-05-25 14:01:33 Server:Workerman is starting ...
2014-05-25 14:01:33 Server:[1A
[KWorkerman start success ...[0m
2014-05-25 14:08:05 Server:Server is shutting down
2014-05-25 14:08:05 Server:Workerman stoped
2014-05-25 14:08:05 Server:Workerman is starting ...
2014-05-25 14:08:05 Server:[1A
[KWorkerman start success ...[0m
2014-05-25 14:49:47 Server:Server is shutting down
2014-05-25 14:49:47 Server:Workerman stoped
2014-05-25 14:49:47 Server:Workerman is starting ...
2014-05-25 14:49:47 Server:[1A
[KWorkerman start success ...[0m
2014-05-25 14:52:10 Server:Server is shutting down
2014-05-25 14:52:10 Server:Workerman stoped
2014-05-25 14:52:10 Server:Workerman is starting ...
2014-05-25 14:52:10 Server:[1A
[KWorkerman start success ...[0m
2014-05-25 14:55:36 Server:Server is shutting down
2014-05-25 14:55:36 Server:Workerman stoped
2014-05-25 14:55:36 Server:Workerman is starting ...
2014-05-25 14:55:36 Server:[1A
[KWorkerman start success ...[0m
2014-05-25 14:55:45 Server:Server is shutting down
2014-05-25 14:55:45 Server:Workerman stoped
2014-05-25 14:55:45 Server:Workerman is starting ...
2014-05-25 14:55:45 Server:[1A
[KWorkerman start success ...[0m
2014-05-25 15:04:57 Server:Server is shutting down
2014-05-25 15:04:57 Server:Workerman stoped
2014-05-25 15:04:57 Server:Workerman is starting ...
2014-05-25 15:04:57 Server:[1A
[KWorkerman start success ...[0m
2014-05-25 15:06:46 Server:Server is shutting down
2014-05-25 15:06:46 Server:Workerman stoped
2014-05-25 15:06:46 Server:Workerman is starting ...
2014-05-25 15:06:46 Server:[1A
[KWorkerman start success ...[0m
2014-05-25 15:07:54 Server:Server is shutting down
2014-05-25 15:07:54 Server:Workerman stoped
2014-05-25 15:07:54 Server:Workerman is starting ...
2014-05-25 15:07:54 Server:[1A
[KWorkerman start success ...[0m
2014-05-25 15:10:00 Server:Server is shutting down
2014-05-25 15:10:00 Server:Workerman stoped
2014-05-25 15:10:00 Server:Workerman is starting ...
2014-05-25 15:10:00 Server:[1A
[KWorkerman start success ...[0m
2014-05-25 15:14:27 Server:Server is shutting down
2014-05-25 15:14:27 Server:Workerman stoped
2014-05-25 15:14:27 Server:Workerman is starting ...
2014-05-25 15:14:27 Server:[1A
[KWorkerman start success ...[0m
2014-05-25 15:14:55 Server:Server is shutting down
2014-05-25 15:14:55 Server:Workerman stoped
2014-05-25 15:14:55 Server:Workerman is starting ...
2014-05-25 15:14:55 Server:[1A
[KWorkerman start success ...[0m
2014-05-25 15:16:00 Server:Server is shutting down
2014-05-25 15:16:00 Server:Workerman stoped
2014-05-25 15:16:00 Server:Workerman is starting ...
2014-05-25 15:16:01 Server:[1A
[KWorkerman start success ...[0m
2014-05-25 15:16:54 Server:Server is shutting down
2014-05-25 15:16:54 Server:Workerman stoped
2014-05-25 15:16:54 Server:Workerman is starting ...
2014-05-25 15:16:54 Server:[1A
[KWorkerman start success ...[0m
2014-05-25 15:19:23 Server:Server is shutting down
2014-05-25 15:19:23 Server:Workerman stoped
2014-05-25 15:19:23 Server:Workerman is starting ...
2014-05-25 15:19:23 Server:[1A
[KWorkerman start success ...[0m
2014-05-25 15:28:17 Server:Server is shutting down
2014-05-25 15:28:18 Server:Workerman stoped
2014-05-25 15:28:18 Server:Workerman is starting ...
2014-05-25 15:28:18 Server:[1A
[KWorkerman start success ...[0m
2014-05-25 15:32:19 Server:Server is shutting down
2014-05-25 15:32:19 Server:Workerman stoped
2014-05-25 15:32:19 Server:Workerman is starting ...
2014-05-25 15:32:19 Server:[1A
[KWorkerman start success ...[0m
2014-05-25 16:17:55 Server:Server is shutting down
2014-05-25 16:17:55 Server:Workerman stoped
2014-05-25 16:17:55 Server:Workerman is starting ...
2014-05-25 16:17:55 Server:[1A
[KWorkerman start success ...[0m
2014-05-25 16:19:32 Server:Server is shutting down
2014-05-25 16:19:32 Server:Workerman stoped
2014-05-25 16:19:32 Server:Workerman is starting ...
2014-05-25 16:19:32 Server:[1A
[KWorkerman start success ...[0m
2014-05-25 16:35:01 Server:Server is shutting down
2014-05-25 16:35:01 Server:Workerman stoped
2014-05-25 16:35:01 Server:Workerman is starting ...
2014-05-25 16:35:01 Server:[1A
[KWorkerman start success ...[0m
2014-05-25 16:47:07 Server:Server is shutting down
2014-05-25 16:47:07 Server:Workerman stoped
2014-05-25 16:47:07 Server:Workerman is starting ...
2014-05-25 16:47:07 Server:[1A
[KWorkerman start success ...[0m
2014-05-25 17:05:18 Server:Server is shutting down
2014-05-25 17:05:18 Server:Workerman stoped
2014-05-25 17:05:18 Server:Workerman is starting ...
2014-05-25 17:05:18 Server:[1A
[KWorkerman start success ...[0m
2014-05-25 17:18:34 Server:Server is shutting down
2014-05-25 17:18:35 Server:Workerman stoped
2014-05-25 17:18:35 Server:Workerman is starting ...
2014-05-25 17:18:35 Server:[1A
[KWorkerman start success ...[0m
2014-05-25 17:21:09 Server:Server is shutting down
2014-05-25 17:21:09 Server:Workerman stoped
2014-05-25 17:21:09 Server:Workerman is starting ...
2014-05-25 17:21:09 Server:[1A
[KWorkerman start success ...[0m
2014-05-25 17:27:05 Server:Server is shutting down
2014-05-25 17:27:05 Server:Workerman stoped
2014-05-25 17:46:37 Server:Workerman is starting ...
2014-05-25 17:46:37 can not create socket tcp://0.0.0.0:8280 info:0 Address already in use	Server start fail
2014-05-25 17:46:48 Server:Workerman is starting ...
2014-05-25 17:46:48 Server:[1A
[KWorkerman start success ...[0m
